Running Sphinx v9.1.0
loading translations [en]... done
Converting `source_suffix = '.rst'` to `source_suffix = {'.rst': 'restructuredtext'}`.
loading pickled environment... done
building [mo]: targets for 0 po files that are out of date
writing output... 
building [html]: targets for 0 source files that are out of date
updating environment: 0 added, 0 changed, 0 removed
reading sources... 
looking for now-outdated files... none found
no targets are out of date.
preparing documents... done
copying assets... 
copying static files... 
Writing evaluated template result to /workspace/supysonic/docs/_build/html/_static/basic.css
Writing evaluated template result to /workspace/supysonic/docs/_build/html/_static/documentation_options.js
Writing evaluated template result to /workspace/supysonic/docs/_build/html/_static/language_data.js
Writing evaluated template result to /workspace/supysonic/docs/_build/html/_static/alabaster.css
copying static files: done
copying extra files... 
copying extra files: done
copying assets: done
generating indices... genindex done
writing additional pages... search done
dumping search index in English (code: en)... done
dumping object inventory... done
build succeeded.

The HTML pages are in _build/html.
